{"total": {"lines":{"total":142,"covered":116,"skipped":0,"pct":81.69},"statements":{"total":142,"covered":116,"skipped":0,"pct":81.69},"functions":{"total":11,"covered":10,"skipped":0,"pct":90.9},"branches":{"total":32,"covered":23,"skipped":0,"pct":71.87},"branchesTrue":{"total":0,"covered":0,"skipped":0,"pct":100}}
,"/Users/mariusyvart/Documents/MASTER Dev Manager Full Stack/M1/Projet Pipeline/cicd-tasklist-backend/src/app.ts": {"lines":{"total":8,"covered":8,"skipped":0,"pct":100},"functions":{"total":0,"covered":0,"skipped":0,"pct":100},"statements":{"total":8,"covered":8,"skipped":0,"pct":100},"branches":{"total":0,"covered":0,"skipped":0,"pct":100}}
,"/Users/mariusyvart/Documents/MASTER Dev Manager Full Stack/M1/Projet Pipeline/cicd-tasklist-backend/src/controllers/task.controller.ts": {"lines":{"total":82,"covered":61,"skipped":0,"pct":74.39},"functions":{"total":5,"covered":5,"skipped":0,"pct":100},"statements":{"total":82,"covered":61,"skipped":0,"pct":74.39},"branches":{"total":24,"covered":16,"skipped":0,"pct":66.66}}
,"/Users/mariusyvart/Documents/MASTER Dev Manager Full Stack/M1/Projet Pipeline/cicd-tasklist-backend/src/lib/prisma.ts": {"lines":{"total":5,"covered":0,"skipped":0,"pct":0},"functions":{"total":1,"covered":0,"skipped":0,"pct":0},"statements":{"total":5,"covered":0,"skipped":0,"pct":0},"branches":{"total":1,"covered":0,"skipped":0,"pct":0}}
,"/Users/mariusyvart/Documents/MASTER Dev Manager Full Stack/M1/Projet Pipeline/cicd-tasklist-backend/src/routes/task.routes.ts": {"lines":{"total":9,"covered":9,"skipped":0,"pct":100},"functions":{"total":0,"covered":0,"skipped":0,"pct":100},"statements":{"total":9,"covered":9,"skipped":0,"pct":100},"branches":{"total":0,"covered":0,"skipped":0,"pct":100}}
,"/Users/mariusyvart/Documents/MASTER Dev Manager Full Stack/M1/Projet Pipeline/cicd-tasklist-backend/src/services/task.service.ts": {"lines":{"total":38,"covered":38,"skipped":0,"pct":100},"functions":{"total":5,"covered":5,"skipped":0,"pct":100},"statements":{"total":38,"covered":38,"skipped":0,"pct":100},"branches":{"total":7,"covered":7,"skipped":0,"pct":100}}
}
