TN:
SF:src/app.ts
FNF:0
FNH:0
DA:1,1
DA:2,1
DA:3,1
DA:5,1
DA:7,1
DA:8,1
DA:10,1
DA:12,1
LF:8
LH:8
BRF:0
BRH:0
end_of_record
TN:
SF:src/controllers/task.controller.ts
FN:4,getAllTasks
FN:14,getTaskById
FN:35,createTask
FN:56,updateTask
FN:78,deleteTask
FNF:5
FNH:5
FNDA:2,getAllTasks
FNDA:4,getTaskById
FNDA:7,createTask
FNDA:2,updateTask
FNDA:2,deleteTask
DA:2,1
DA:4,2
DA:5,2
DA:6,2
DA:7,2
DA:8,2
DA:9,0
DA:10,0
DA:11,0
DA:12,2
DA:14,4
DA:15,4
DA:16,4
DA:17,4
DA:18,1
DA:19,1
DA:20,1
DA:22,3
DA:23,4
DA:24,2
DA:25,2
DA:26,2
DA:28,1
DA:29,4
DA:30,0
DA:31,0
DA:32,0
DA:33,4
DA:35,7
DA:36,7
DA:37,7
DA:39,7
DA:40,1
DA:41,1
DA:42,1
DA:44,6
DA:45,6
DA:46,7
DA:47,7
DA:49,6
DA:50,7
DA:51,0
DA:52,0
DA:53,0
DA:54,7
DA:56,2
DA:57,2
DA:58,2
DA:59,2
DA:60,0
DA:61,0
DA:62,0
DA:64,2
DA:65,2
DA:67,1
DA:68,1
DA:69,1
DA:70,1
DA:71,1
DA:72,1
DA:73,0
DA:74,0
DA:75,0
DA:76,2
DA:78,2
DA:79,2
DA:80,2
DA:81,2
DA:82,0
DA:83,0
DA:84,0
DA:86,2
DA:87,1
DA:88,1
DA:89,1
DA:90,1
DA:91,1
DA:92,1
DA:93,0
DA:94,0
DA:95,0
DA:96,2
LF:82
LH:61
BRDA:4,0,0,2
BRDA:8,1,0,0
BRDA:14,2,0,4
BRDA:17,3,0,1
BRDA:20,4,0,3
BRDA:23,5,0,2
BRDA:26,6,0,1
BRDA:29,7,0,0
BRDA:35,8,0,7
BRDA:39,9,0,6
BRDA:39,10,0,6
BRDA:39,11,0,1
BRDA:42,12,0,6
BRDA:46,13,0,0
BRDA:47,14,0,6
BRDA:50,15,0,0
BRDA:56,16,0,2
BRDA:59,17,0,0
BRDA:65,18,0,1
BRDA:72,19,0,0
BRDA:78,20,0,2
BRDA:81,21,0,0
BRDA:86,22,0,1
BRDA:92,23,0,0
BRF:24
BRH:16
end_of_record
TN:
SF:src/lib/prisma.ts
FN:1,(empty-report)
FNF:1
FNH:0
FNDA:0,(empty-report)
DA:1,0
DA:2,0
DA:3,0
DA:4,0
DA:5,0
LF:5
LH:0
BRDA:1,0,0,0
BRF:1
BRH:0
end_of_record
TN:
SF:src/routes/task.routes.ts
FNF:0
FNH:0
DA:1,1
DA:2,1
DA:4,1
DA:6,1
DA:7,1
DA:8,1
DA:9,1
DA:10,1
DA:12,1
LF:9
LH:9
BRF:0
BRH:0
end_of_record
TN:
SF:src/services/task.service.ts
FN:14,findAll
FN:20,findById
FN:26,create
FN:35,update
FN:46,remove
FNF:5
FNH:5
FNDA:2,findAll
FNDA:3,findById
FNDA:6,create
FNDA:2,update
FNDA:2,remove
DA:1,1
DA:14,2
DA:15,2
DA:16,2
DA:17,2
DA:18,2
DA:20,3
DA:21,3
DA:22,3
DA:23,3
DA:24,3
DA:26,6
DA:27,6
DA:28,6
DA:29,6
DA:30,6
DA:31,6
DA:32,6
DA:33,6
DA:35,2
DA:36,2
DA:37,2
DA:38,1
DA:39,1
DA:40,1
DA:41,1
DA:42,1
DA:43,1
DA:44,1
DA:46,2
DA:47,2
DA:48,2
DA:49,1
DA:50,1
DA:51,1
DA:52,1
DA:53,1
DA:54,1
LF:38
LH:38
BRDA:14,0,0,2
BRDA:20,1,0,3
BRDA:26,2,0,6
BRDA:35,3,0,2
BRDA:37,4,0,1
BRDA:46,5,0,2
BRDA:48,6,0,1
BRF:7
BRH:7
end_of_record
